# JRE version: OpenJDK Runtime Environment Temurin-21.0.8+9 (21.0.8+9) (build 21.0.8+9-LTS)
# Java VM: OpenJDK 64-Bit Server VM Temurin-21.0.8+9 (21.0.8+9-LTS, mixed mode, sharing, tiered, compressed oops, compressed class ptrs, parallel gc, windows-amd64)
GC Precious Log:
 CardTable entry size: 512
 CPUs: 4 total, 4 available
 Memory: 7930M
 Large Page Support: Disabled
 NUMA Support: Disabled
 Compressed Oops: Enabled (32-bit)
 Alignments: Space 512K, Generation 512K, Heap 2M
 Heap Min Capacity: 100M
 Heap Initial Capacity: 100M
 Heap Max Capacity: 2G
 Pre-touch: Disabled
 Parallel Workers: 4
Heap:
 PSYoungGen      total 10752K, used 5599K [0x00000000d5580000, 0x00000000d6100000, 0x0000000100000000)
  eden space 10240K, 52% used [0x00000000d5580000,0x00000000d5abffd8,0x00000000d5f80000)
  from space 512K, 43% used [0x00000000d6000000,0x00000000d6038000,0x00000000d6080000)
  to   space 512K, 0% used [0x00000000d6080000,0x00000000d6080000,0x00000000d6100000)
 ParOldGen       total 672256K, used 671995K [0x0000000080000000, 0x00000000a9080000, 0x00000000d5580000)
  object space 672256K, 99% used [0x0000000080000000,0x00000000a903ee78,0x00000000a9080000)
 Metaspace       used 83681K, committed 85376K, reserved 1179648K
  class space    used 8709K, committed 9472K, reserved 1048576K
GC Heap History (20 events):
Event: 374.813 GC heap before
{Heap before GC invocations=1076 (full 4):
 PSYoungGen      total 10752K, used 10368K [0x00000000d5580000, 0x00000000d6100000, 0x0000000100000000)
  eden space 10240K, 100% used [0x00000000d5580000,0x00000000d5f80000,0x00000000d5f80000)
  from space 512K, 25% used [0x00000000d6000000,0x00000000d6020000,0x00000000d6080000)
  to   space 512K, 0% used [0x00000000d6080000,0x00000000d6080000,0x00000000d6100000)
 ParOldGen       total 669184K, used 668807K [0x0000000080000000, 0x00000000a8d80000, 0x00000000d5580000)
  object space 669184K, 99% used [0x0000000080000000,0x00000000a8d21fa8,0x00000000a8d80000)
 Metaspace       used 83648K, committed 85248K, reserved 1179648K
  class space    used 8709K, committed 9472K, reserved 1048576K
}
Event: 374.815 GC heap after
{Heap after GC invocations=1076 (full 4):
 PSYoungGen      total 10752K, used 224K [0x00000000d5580000, 0x00000000d6100000, 0x0000000100000000)
  eden space 10240K, 0% used [0x00000000d5580000,0x00000000d5580000,0x00000000d5f80000)
  from space 512K, 43% used [0x00000000d6080000,0x00000000d60b8000,0x00000000d6100000)
  to   space 512K, 0% used [0x00000000d6000000,0x00000000d6000000,0x00000000d6080000)
 ParOldGen       total 669184K, used 668847K [0x0000000080000000, 0x00000000a8d80000, 0x00000000d5580000)
  object space 669184K, 99% used [0x0000000080000000,0x00000000a8d2bfa8,0x00000000a8d80000)
 Metaspace       used 83648K, committed 85248K, reserved 1179648K
  class space    used 8709K, committed 9472K, reserved 1048576K
}
Event: 374.837 GC heap before
{Heap before GC invocations=1077 (full 4):
 PSYoungGen      total 10752K, used 10318K [0x00000000d5580000, 0x00000000d6100000, 0x0000000100000000)
  eden space 10240K, 98% used [0x00000000d5580000,0x00000000d5f5b838,0x00000000d5f80000)
  from space 512K, 43% used [0x00000000d6080000,0x00000000d60b8000,0x00000000d6100000)
  to   space 512K, 0% used [0x00000000d6000000,0x00000000d6000000,0x00000000d6080000)
 ParOldGen       total 669184K, used 668847K [0x0000000080000000, 0x00000000a8d80000, 0x00000000d5580000)
  object space 669184K, 99% used [0x0000000080000000,0x00000000a8d2bfa8,0x00000000a8d80000)
 Metaspace       used 83648K, committed 85248K, reserved 1179648K
  class space    used 8709K, committed 9472K, reserved 1048576K
}
Event: 374.839 GC heap after
{Heap after GC invocations=1077 (full 4):
 PSYoungGen      total 10752K, used 192K [0x00000000d5580000, 0x00000000d6100000, 0x0000000100000000)
  eden space 10240K, 0% used [0x00000000d5580000,0x00000000d5580000,0x00000000d5f80000)
  from space 512K, 37% used [0x00000000d6000000,0x00000000d6030000,0x00000000d6080000)
  to   space 512K, 0% used [0x00000000d6080000,0x00000000d6080000,0x00000000d6100000)
 ParOldGen       total 672256K, used 671909K [0x0000000080000000, 0x00000000a9080000, 0x00000000d5580000)
  object space 672256K, 99% used [0x0000000080000000,0x00000000a90296d8,0x00000000a9080000)
 Metaspace       used 83648K, committed 85248K, reserved 1179648K
  class space    used 8709K, committed 9472K, reserved 1048576K
}
Event: 374.857 GC heap before
{Heap before GC invocations=1078 (full 4):
 PSYoungGen      total 10752K, used 8983K [0x00000000d5580000, 0x00000000d6100000, 0x0000000100000000)
  eden space 10240K, 85% used [0x00000000d5580000,0x00000000d5e15fc0,0x00000000d5f80000)
  from space 512K, 37% used [0x00000000d6000000,0x00000000d6030000,0x00000000d6080000)
  to   space 512K, 0% used [0x00000000d6080000,0x00000000d6080000,0x00000000d6100000)
 ParOldGen       total 672256K, used 671909K [0x0000000080000000, 0x00000000a9080000, 0x00000000d5580000)
  object space 672256K, 99% used [0x0000000080000000,0x00000000a90296d8,0x00000000a9080000)
 Metaspace       used 83648K, committed 85248K, reserved 1179648K
  class space    used 8709K, committed 9472K, reserved 1048576K
}
Event: 374.858 GC heap after
{Heap after GC invocations=1078 (full 4):
 PSYoungGen      total 10752K, used 160K [0x00000000d5580000, 0x00000000d6100000, 0x0000000100000000)
  eden space 10240K, 0% used [0x00000000d5580000,0x00000000d5580000,0x00000000d5f80000)
  from space 512K, 31% used [0x00000000d6080000,0x00000000d60a8000,0x00000000d6100000)
  to   space 512K, 0% used [0x00000000d6000000,0x00000000d6000000,0x00000000d6080000)
 ParOldGen       total 672256K, used 671914K [0x0000000080000000, 0x00000000a9080000, 0x00000000d5580000)
  object space 672256K, 99% used [0x0000000080000000,0x00000000a902a968,0x00000000a9080000)
 Metaspace       used 83648K, committed 85248K, reserved 1179648K
  class space    used 8709K, committed 9472K, reserved 1048576K
}
Event: 374.876 GC heap before
{Heap before GC invocations=1079 (full 4):
 PSYoungGen      total 10752K, used 10400K [0x00000000d5580000, 0x00000000d6100000, 0x0000000100000000)
  eden space 10240K, 100% used [0x00000000d5580000,0x00000000d5f80000,0x00000000d5f80000)
  from space 512K, 31% used [0x00000000d6080000,0x00000000d60a8000,0x00000000d6100000)
  to   space 512K, 0% used [0x00000000d6000000,0x00000000d6000000,0x00000000d6080000)
 ParOldGen       total 672256K, used 671914K [0x0000000080000000, 0x00000000a9080000, 0x00000000d5580000)
  object space 672256K, 99% used [0x0000000080000000,0x00000000a902a968,0x00000000a9080000)
 Metaspace       used 83648K, committed 85248K, reserved 1179648K
  class space    used 8709K, committed 9472K, reserved 1048576K
}
Event: 374.878 GC heap after
{Heap after GC invocations=1079 (full 4):
 PSYoungGen      total 10752K, used 128K [0x00000000d5580000, 0x00000000d6100000, 0x0000000100000000)
  eden space 10240K, 0% used [0x00000000d5580000,0x00000000d5580000,0x00000000d5f80000)
  from space 512K, 25% used [0x00000000d6000000,0x00000000d6020000,0x00000000d6080000)
  to   space 512K, 0% used [0x00000000d6080000,0x00000000d6080000,0x00000000d6100000)
 ParOldGen       total 672256K, used 671922K [0x0000000080000000, 0x00000000a9080000, 0x00000000d5580000)
  object space 672256K, 99% used [0x0000000080000000,0x00000000a902c968,0x00000000a9080000)
 Metaspace       used 83648K, committed 85248K, reserved 1179648K
  class space    used 8709K, committed 9472K, reserved 1048576K
}
Event: 374.895 GC heap before
{Heap before GC invocations=1080 (full 4):
 PSYoungGen      total 10752K, used 9156K [0x00000000d5580000, 0x00000000d6100000, 0x0000000100000000)
  eden space 10240K, 88% used [0x00000000d5580000,0x00000000d5e51370,0x00000000d5f80000)
  from space 512K, 25% used [0x00000000d6000000,0x00000000d6020000,0x00000000d6080000)
  to   space 512K, 0% used [0x00000000d6080000,0x00000000d6080000,0x00000000d6100000)
 ParOldGen       total 672256K, used 671922K [0x0000000080000000, 0x00000000a9080000, 0x00000000d5580000)
  object space 672256K, 99% used [0x0000000080000000,0x00000000a902c968,0x00000000a9080000)
 Metaspace       used 83648K, committed 85248K, reserved 1179648K
  class space    used 8709K, committed 9472K, reserved 1048576K
}
Event: 374.897 GC heap after
{Heap after GC invocations=1080 (full 4):
 PSYoungGen      total 10752K, used 160K [0x00000000d5580000, 0x00000000d6100000, 0x0000000100000000)
  eden space 10240K, 0% used [0x00000000d5580000,0x00000000d5580000,0x00000000d5f80000)
  from space 512K, 31% used [0x00000000d6080000,0x00000000d60a8000,0x00000000d6100000)
  to   space 512K, 0% used [0x00000000d6000000,0x00000000d6000000,0x00000000d6080000)
 ParOldGen       total 672256K, used 671922K [0x0000000080000000, 0x00000000a9080000, 0x00000000d5580000)
  object space 672256K, 99% used [0x0000000080000000,0x00000000a902c968,0x00000000a9080000)
 Metaspace       used 83648K, committed 85248K, reserved 1179648K
  class space    used 8709K, committed 9472K, reserved 1048576K
}
Event: 374.914 GC heap before
{Heap before GC invocations=1081 (full 4):
 PSYoungGen      total 10752K, used 10400K [0x00000000d5580000, 0x00000000d6100000, 0x0000000100000000)
  eden space 10240K, 100% used [0x00000000d5580000,0x00000000d5f80000,0x00000000d5f80000)
  from space 512K, 31% used [0x00000000d6080000,0x00000000d60a8000,0x00000000d6100000)
  to   space 512K, 0% used [0x00000000d6000000,0x00000000d6000000,0x00000000d6080000)
 ParOldGen       total 672256K, used 671922K [0x0000000080000000, 0x00000000a9080000, 0x00000000d5580000)
  object space 672256K, 99% used [0x0000000080000000,0x00000000a902c968,0x00000000a9080000)
 Metaspace       used 83648K, committed 85248K, reserved 1179648K
  class space    used 8709K, committed 9472K, reserved 1048576K
}
Event: 374.915 GC heap after
{Heap after GC invocations=1081 (full 4):
 PSYoungGen      total 10752K, used 160K [0x00000000d5580000, 0x00000000d6100000, 0x0000000100000000)
  eden space 10240K, 0% used [0x00000000d5580000,0x00000000d5580000,0x00000000d5f80000)
  from space 512K, 31% used [0x00000000d6000000,0x00000000d6028000,0x00000000d6080000)
  to   space 512K, 0% used [0x00000000d6080000,0x00000000d6080000,0x00000000d6100000)
 ParOldGen       total 672256K, used 671930K [0x0000000080000000, 0x00000000a9080000, 0x00000000d5580000)
  object space 672256K, 99% used [0x0000000080000000,0x00000000a902e968,0x00000000a9080000)
 Metaspace       used 83648K, committed 85248K, reserved 1179648K
  class space    used 8709K, committed 9472K, reserved 1048576K
}
Event: 374.936 GC heap before
{Heap before GC invocations=1082 (full 4):
 PSYoungGen      total 10752K, used 10400K [0x00000000d5580000, 0x00000000d6100000, 0x0000000100000000)
  eden space 10240K, 100% used [0x00000000d5580000,0x00000000d5f80000,0x00000000d5f80000)
  from space 512K, 31% used [0x00000000d6000000,0x00000000d6028000,0x00000000d6080000)
  to   space 512K, 0% used [0x00000000d6080000,0x00000000d6080000,0x00000000d6100000)
 ParOldGen       total 672256K, used 671930K [0x0000000080000000, 0x00000000a9080000, 0x00000000d5580000)
  object space 672256K, 99% used [0x0000000080000000,0x00000000a902e968,0x00000000a9080000)
 Metaspace       used 83648K, committed 85248K, reserved 1179648K
  class space    used 8709K, committed 9472K, reserved 1048576K
}
Event: 374.938 GC heap after
{Heap after GC invocations=1082 (full 4):
 PSYoungGen      total 10752K, used 128K [0x00000000d5580000, 0x00000000d6100000, 0x0000000100000000)
  eden space 10240K, 0% used [0x00000000d5580000,0x00000000d5580000,0x00000000d5f80000)
  from space 512K, 25% used [0x00000000d6080000,0x00000000d60a0000,0x00000000d6100000)
  to   space 512K, 0% used [0x00000000d6000000,0x00000000d6000000,0x00000000d6080000)
 ParOldGen       total 672256K, used 671938K [0x0000000080000000, 0x00000000a9080000, 0x00000000d5580000)
  object space 672256K, 99% used [0x0000000080000000,0x00000000a9030968,0x00000000a9080000)
 Metaspace       used 83648K, committed 85248K, reserved 1179648K
  class space    used 8709K, committed 9472K, reserved 1048576K
}
Event: 374.965 GC heap before
{Heap before GC invocations=1083 (full 4):
 PSYoungGen      total 10752K, used 10368K [0x00000000d5580000, 0x00000000d6100000, 0x0000000100000000)
  eden space 10240K, 100% used [0x00000000d5580000,0x00000000d5f80000,0x00000000d5f80000)
  from space 512K, 25% used [0x00000000d6080000,0x00000000d60a0000,0x00000000d6100000)
  to   space 512K, 0% used [0x00000000d6000000,0x00000000d6000000,0x00000000d6080000)
 ParOldGen       total 672256K, used 671938K [0x0000000080000000, 0x00000000a9080000, 0x00000000d5580000)
  object space 672256K, 99% used [0x0000000080000000,0x00000000a9030968,0x00000000a9080000)
 Metaspace       used 83648K, committed 85248K, reserved 1179648K
  class space    used 8709K, committed 9472K, reserved 1048576K
}
Event: 374.967 GC heap after
{Heap after GC invocations=1083 (full 4):
 PSYoungGen      total 10752K, used 128K [0x00000000d5580000, 0x00000000d6100000, 0x0000000100000000)
  eden space 10240K, 0% used [0x00000000d5580000,0x00000000d5580000,0x00000000d5f80000)
  from space 512K, 25% used [0x00000000d6000000,0x00000000d6020000,0x00000000d6080000)
  to   space 512K, 0% used [0x00000000d6080000,0x00000000d6080000,0x00000000d6100000)
 ParOldGen       total 672256K, used 671971K [0x0000000080000000, 0x00000000a9080000, 0x00000000d5580000)
  object space 672256K, 99% used [0x0000000080000000,0x00000000a9038e78,0x00000000a9080000)
 Metaspace       used 83648K, committed 85248K, reserved 1179648K
  class space    used 8709K, committed 9472K, reserved 1048576K
}
Event: 376.457 GC heap before
{Heap before GC invocations=1084 (full 4):
 PSYoungGen      total 10752K, used 10368K [0x00000000d5580000, 0x00000000d6100000, 0x0000000100000000)
  eden space 10240K, 100% used [0x00000000d5580000,0x00000000d5f80000,0x00000000d5f80000)
  from space 512K, 25% used [0x00000000d6000000,0x00000000d6020000,0x00000000d6080000)
  to   space 512K, 0% used [0x00000000d6080000,0x00000000d6080000,0x00000000d6100000)
 ParOldGen       total 672256K, used 671971K [0x0000000080000000, 0x00000000a9080000, 0x00000000d5580000)
  object space 672256K, 99% used [0x0000000080000000,0x00000000a9038e78,0x00000000a9080000)
 Metaspace       used 83655K, committed 85248K, reserved 1179648K
  class space    used 8709K, committed 9472K, reserved 1048576K
}
Event: 376.460 GC heap after
{Heap after GC invocations=1084 (full 4):
 PSYoungGen      total 10752K, used 224K [0x00000000d5580000, 0x00000000d6100000, 0x0000000100000000)
  eden space 10240K, 0% used [0x00000000d5580000,0x00000000d5580000,0x00000000d5f80000)
  from space 512K, 43% used [0x00000000d6080000,0x00000000d60b8000,0x00000000d6100000)
  to   space 512K, 0% used [0x00000000d6000000,0x00000000d6000000,0x00000000d6080000)
 ParOldGen       total 672256K, used 671971K [0x0000000080000000, 0x00000000a9080000, 0x00000000d5580000)
  object space 672256K, 99% used [0x0000000080000000,0x00000000a9038e78,0x00000000a9080000)
 Metaspace       used 83655K, committed 85248K, reserved 1179648K
  class space    used 8709K, committed 9472K, reserved 1048576K
}
Event: 379.873 GC heap before
{Heap before GC invocations=1085 (full 4):
 PSYoungGen      total 10752K, used 10464K [0x00000000d5580000, 0x00000000d6100000, 0x0000000100000000)
  eden space 10240K, 100% used [0x00000000d5580000,0x00000000d5f80000,0x00000000d5f80000)
  from space 512K, 43% used [0x00000000d6080000,0x00000000d60b8000,0x00000000d6100000)
  to   space 512K, 0% used [0x00000000d6000000,0x00000000d6000000,0x00000000d6080000)
 ParOldGen       total 672256K, used 671971K [0x0000000080000000, 0x00000000a9080000, 0x00000000d5580000)
  object space 672256K, 99% used [0x0000000080000000,0x00000000a9038e78,0x00000000a9080000)
 Metaspace       used 83672K, committed 85312K, reserved 1179648K
  class space    used 8709K, committed 9472K, reserved 1048576K
}
Event: 379.875 GC heap after
{Heap after GC invocations=1085 (full 4):
 PSYoungGen      total 10752K, used 224K [0x00000000d5580000, 0x00000000d6100000, 0x0000000100000000)
  eden space 10240K, 0% used [0x00000000d5580000,0x00000000d5580000,0x00000000d5f80000)
  from space 512K, 43% used [0x00000000d6000000,0x00000000d6038000,0x00000000d6080000)
  to   space 512K, 0% used [0x00000000d6080000,0x00000000d6080000,0x00000000d6100000)
 ParOldGen       total 672256K, used 671995K [0x0000000080000000, 0x00000000a9080000, 0x00000000d5580000)
  object space 672256K, 99% used [0x0000000080000000,0x00000000a903ee78,0x00000000a9080000)
 Metaspace       used 83672K, committed 85312K, reserved 1179648K
  class space    used 8709K, committed 9472K, reserved 1048576K
}

